<?xml version="1.0" encoding="UTF-8"?>
<testng-results ignored="0" total="1" passed="1" failed="0" skipped="0">
  <reporter-output>
  </reporter-output>
  <suite started-at="2022-07-14T18:43:03 IST" name="inetBankingV1" finished-at="2022-07-14T18:46:31 IST" duration-ms="208183">
    <groups>
    </groups>
    <test started-at="2022-07-14T18:43:03 IST" name="BankingApp Test" finished-at="2022-07-14T18:46:31 IST" duration-ms="208183">
      <class name="com.inetbanking.testCases.TC_Private_Car_Package_Old_Veh_003">
        <test-method is-config="true" signature="setUp(java.lang.String)[pri:0, instance:com.inetbanking.testCases.TC_Private_Car_Package_Old_Veh_003@756cf158]" started-at="2022-07-14T18:43:03 IST" name="setUp" finished-at="2022-07-14T18:43:08 IST" duration-ms="4329" status="PASS">
          <params>
            <param index="0">
              <value>
                <![CDATA[chrome]]>
              </value>
            </param>
          </params>
          <reporter-output>
          </reporter-output>
        </test-method> <!-- setUp -->
        <test-method signature="private_Car_Package_Old_Veh()[pri:0, instance:com.inetbanking.testCases.TC_Private_Car_Package_Old_Veh_003@756cf158]" started-at="2022-07-14T18:43:08 IST" name="private_Car_Package_Old_Veh" finished-at="2022-07-14T18:46:31 IST" duration-ms="203311" status="PASS">
          <reporter-output>
          </reporter-output>
        </test-method> <!-- private_Car_Package_Old_Veh -->
        <test-method is-config="true" signature="tearDown()[pri:0, instance:com.inetbanking.testCases.TC_Private_Car_Package_Old_Veh_003@756cf158]" started-at="2022-07-14T18:46:31 IST" name="tearDown" finished-at="2022-07-14T18:46:31 IST" duration-ms="255" status="PASS">
          <reporter-output>
          </reporter-output>
        </test-method> <!-- tearDown -->
      </class> <!-- com.inetbanking.testCases.TC_Private_Car_Package_Old_Veh_003 -->
    </test> <!-- BankingApp Test -->
  </suite> <!-- inetBankingV1 -->
</testng-results>
